02/22/2021 05:00:19 PM miniproject Started...
02/22/2021 05:00:19 PM Calls Offered: 16,915
02/22/2021 05:00:19 PM Abandon after 30s: 2.32%
02/22/2021 05:00:19 PM FCR: 86.50%
02/22/2021 05:00:19 PM DSAT: 14.20%
02/22/2021 05:00:19 PM CSAT: 78.30%
02/22/2021 05:00:19 PM Net Promoter Score
02/22/2021 05:00:19 PM Base Size: 425
02/22/2021 05:00:19 PM Number of Promoters: 256
02/22/2021 05:00:19 PM Promoters (Recommend Score 9 to 10): good
02/22/2021 05:00:19 PM Number of Passives: 86
02/22/2021 05:00:19 PM Passives (Recommend Score 7 to 8): bad
02/22/2021 05:00:19 PM Number of Detractors: 86
02/22/2021 05:00:19 PM Dectractors (recommend Score 0 to 6): good
02/22/2021 05:00:19 PM Overall NPS %
02/22/2021 05:00:19 PM AARP Total: 39.70%
02/22/2021 05:00:19 PM Sat with Agent %
02/22/2021 05:00:19 PM AARP Total: 78.30%
02/22/2021 05:00:19 PM Sat with Agent %
02/22/2021 05:00:19 PM AARP Total: 14.20%
